<?xml version="1.0" encoding="UTF-8"?>
<!-- Generated by org.testng.reporters.JUnitReportReporter -->
<testsuite hostname="LAPTOP-18R30RO2" name="com.crm.qa.testcases.LoginPageTest" tests="2" failures="0" timestamp="26 Sep 2023 07:59:04 GMT" time="15.589" errors="0">
  <testcase name="loginPageTitleTest" time="8.545" classname="com.crm.qa.testcases.LoginPageTest"/>
  <testcase name="loginTest" time="7.044" classname="com.crm.qa.testcases.LoginPageTest"/>
</testsuite> <!-- com.crm.qa.testcases.LoginPageTest -->
