<?xml version="1.0" encoding="UTF-8"?>
<!-- Generated by org.testng.reporters.JUnitReportReporter -->
<testsuite hostname="LAPTOP-18R30RO2" name="com.admin.qa.testcases.CategoryListTest" tests="4" failures="0" timestamp="21 Dec 2023 12:26:51 GMT" time="1.561" errors="0">
  <testcase name="verifyCategoryListTable" time="0.058" classname="com.admin.qa.testcases.CategoryListTest"/>
  <testcase name="verifyAddCatgoryBtn" time="0.750" classname="com.admin.qa.testcases.CategoryListTest"/>
  <testcase name="verifyAddCategory" time="0.701" classname="com.admin.qa.testcases.CategoryListTest"/>
  <testcase name="verifycategoryListDisplayed" time="0.052" classname="com.admin.qa.testcases.CategoryListTest"/>
</testsuite> <!-- com.admin.qa.testcases.CategoryListTest -->
