<?xml version="1.0" encoding="UTF-8"?>
<!-- Generated by org.testng.reporters.JUnitReportReporter -->
<testsuite hostname="LAPTOP-18R30RO2" name="com.crm.qa.testcases.CategoryListTest" tests="3" failures="0" timestamp="29 Sep 2023 06:50:56 GMT" time="2.137" errors="0">
  <testcase name="verifyAddCategorybtn" time="1.995" classname="com.crm.qa.testcases.CategoryListTest"/>
  <testcase name="verifycategoryListDisplayed" time="0.079" classname="com.crm.qa.testcases.CategoryListTest"/>
  <testcase name="verifyCategoryListTable" time="0.063" classname="com.crm.qa.testcases.CategoryListTest"/>
</testsuite> <!-- com.crm.qa.testcases.CategoryListTest -->
