<?xml version="1.0" encoding="UTF-8"?>
<!-- Generated by org.testng.reporters.JUnitReportReporter -->
<testsuite hostname="LAPTOP-18R30RO2" name="com.crm.qa.testcases.NewTest" tests="1" failures="0" timestamp="26 Sep 2023 07:59:04 GMT" time="0.016" errors="0">
  <testcase name="testcase" time="0.016" classname="com.crm.qa.testcases.NewTest"/>
</testsuite> <!-- com.crm.qa.testcases.NewTest -->
