<?xml version="1.0" encoding="UTF-8"?>
<!-- Generated by org.testng.reporters.JUnitReportReporter -->
<testsuite hostname="LAPTOP-18R30RO2" name="com.admin.qa.testcases.CoursesListTest" tests="2" failures="0" timestamp="21 Dec 2023 12:26:51 GMT" time="2.217" errors="0">
  <testcase name="verifyCoursesListPageTitle" time="0.033" classname="com.admin.qa.testcases.CoursesListTest"/>
  <testcase name="addCourse" time="2.184" classname="com.admin.qa.testcases.CoursesListTest"/>
</testsuite> <!-- com.admin.qa.testcases.CoursesListTest -->
