<?xml version="1.0" encoding="UTF-8"?>
<!-- Generated by org.testng.reporters.JUnitReportReporter -->
<testsuite hostname="LAPTOP-18R30RO2" name="com.admin.qa.testcases.LoginPageTest" tests="2" failures="0" timestamp="21 Dec 2023 12:26:51 GMT" time="7.479" errors="0">
  <testcase name="loginPageTitleTest" time="2.740" classname="com.admin.qa.testcases.LoginPageTest"/>
  <testcase name="loginTest" time="4.739" classname="com.admin.qa.testcases.LoginPageTest"/>
</testsuite> <!-- com.admin.qa.testcases.LoginPageTest -->
