<?xml version="1.0" encoding="UTF-8"?>
<!-- Generated by org.testng.reporters.JUnitReportReporter -->
<testsuite hostname="LAPTOP-18R30RO2" name="com.admin.qa.testcases.CategoryListTest" tests="4" failures="0" timestamp="27 Apr 2024 07:34:58 GMT" time="2.097" errors="0">
  <testcase name="verifyAddCatgoryBtn" time="0.867" classname="com.admin.qa.testcases.CategoryListTest"/>
  <testcase name="verifyCategoryListTable" time="0.073" classname="com.admin.qa.testcases.CategoryListTest"/>
  <testcase name="verifyAddCategory" time="1.065" classname="com.admin.qa.testcases.CategoryListTest"/>
  <testcase name="verifycategoryListDisplayed" time="0.092" classname="com.admin.qa.testcases.CategoryListTest"/>
</testsuite> <!-- com.admin.qa.testcases.CategoryListTest -->
