<?xml version="1.0" encoding="UTF-8"?>
<!-- Generated by org.testng.reporters.JUnitReportReporter -->
<testsuite hostname="LAPTOP-18R30RO2" name="com.crm.qa.testcases.TestCase" tests="1" failures="0" timestamp="26 Sep 2023 14:53:43 GMT" time="0.168" errors="0">
  <testcase name="test" time="0.168" classname="com.crm.qa.testcases.TestCase"/>
</testsuite> <!-- com.crm.qa.testcases.TestCase -->
