<?xml version="1.0" encoding="UTF-8"?>
<!-- Generated by org.testng.reporters.JUnitReportReporter -->
<testsuite hostname="LAPTOP-18R30RO2" name="com.admin.qa.testcases.LoginPageTest" tests="2" failures="0" timestamp="27 Apr 2024 07:35:31 GMT" time="10.523" errors="0">
  <testcase name="loginTest" time="6.832" classname="com.admin.qa.testcases.LoginPageTest"/>
  <testcase name="loginPageTitleTest" time="3.691" classname="com.admin.qa.testcases.LoginPageTest"/>
</testsuite> <!-- com.admin.qa.testcases.LoginPageTest -->
