<?xml version="1.0" encoding="UTF-8"?>
<!-- Generated by org.testng.reporters.JUnitReportReporter -->
<testsuite hostname="LAPTOP-18R30RO2" name="com.admin.qa.testcases.ChangePasswordPageTest" tests="1" failures="0" timestamp="21 Dec 2023 12:26:51 GMT" time="9.585" errors="0">
  <testcase name="changePassword" time="9.585" classname="com.admin.qa.testcases.ChangePasswordPageTest"/>
</testsuite> <!-- com.admin.qa.testcases.ChangePasswordPageTest -->
