<?xml version="1.0" encoding="UTF-8"?>
<!-- Generated by org.testng.reporters.JUnitReportReporter -->
<testsuite hostname="LAPTOP-18R30RO2" name="com.admin.qa.testcases.ChangePasswordPageTest" tests="1" failures="0" timestamp="27 Apr 2024 07:42:05 GMT" time="12.057" errors="0">
  <testcase name="changePassword" time="12.057" classname="com.admin.qa.testcases.ChangePasswordPageTest"/>
</testsuite> <!-- com.admin.qa.testcases.ChangePasswordPageTest -->
