<?xml version="1.0" encoding="UTF-8"?>
<!-- Generated by org.testng.reporters.JUnitReportReporter -->
<testsuite skipped="0" hostname="LAPTOP-18R30RO2" name="com.admin.qa.testcases.CoursesListTest" tests="2" failures="0" timestamp="2023-12-21T17:57:55 IST" time="2.014" errors="0">
  <testcase name="addCourse" time="1.975" classname="com.admin.qa.testcases.CoursesListTest"/>
  <testcase name="verifyCoursesListPageTitle" time="0.039" classname="com.admin.qa.testcases.CoursesListTest"/>
</testsuite> <!-- com.admin.qa.testcases.CoursesListTest -->
