<?xml version="1.0" encoding="UTF-8"?>
<!-- Generated by org.testng.reporters.JUnitReportReporter -->
<testsuite skipped="0" hostname="LAPTOP-18R30RO2" name="com.admin.qa.testcases.LoginPageTest" tests="2" failures="0" timestamp="2023-12-21T17:57:55 IST" time="6.923" errors="0">
  <testcase name="loginPageTitleTest" time="2.909" classname="com.admin.qa.testcases.LoginPageTest"/>
  <testcase name="loginTest" time="4.014" classname="com.admin.qa.testcases.LoginPageTest"/>
</testsuite> <!-- com.admin.qa.testcases.LoginPageTest -->
