<?xml version="1.0" encoding="UTF-8"?>
<!-- Generated by org.testng.reporters.JUnitReportReporter -->
<testsuite skipped="0" hostname="LAPTOP-18R30RO2" name="com.admin.qa.testcases.ChangePasswordPageTest" tests="1" failures="0" timestamp="2023-12-21T17:57:55 IST" time="10.904" errors="0">
  <testcase name="changePassword" time="10.904" classname="com.admin.qa.testcases.ChangePasswordPageTest"/>
</testsuite> <!-- com.admin.qa.testcases.ChangePasswordPageTest -->
