<?xml version="1.0" encoding="UTF-8"?>
<!-- Generated by org.testng.reporters.JUnitReportReporter -->
<testsuite skipped="0" hostname="LAPTOP-18R30RO2" name="com.admin.qa.testcases.LoginPageTest" tests="2" failures="0" timestamp="2024-04-20T15:33:01 IST" time="8.748" errors="0">
  <testcase name="loginPageTitleTest" time="3.488" classname="com.admin.qa.testcases.LoginPageTest"/>
  <testcase name="loginTest" time="5.260" classname="com.admin.qa.testcases.LoginPageTest"/>
</testsuite> <!-- com.admin.qa.testcases.LoginPageTest -->
