<?xml version="1.0" encoding="UTF-8"?>
<!-- Generated by org.testng.reporters.JUnitReportReporter -->
<testsuite skipped="0" hostname="LAPTOP-18R30RO2" name="com.admin.qa.testcases.CategoryListTest" tests="4" failures="0" timestamp="2024-04-20T15:33:01 IST" time="3.600" errors="0">
  <testcase name="verifycategoryListDisplayed" time="0.133" classname="com.admin.qa.testcases.CategoryListTest"/>
  <testcase name="verifyCategoryListTable" time="0.141" classname="com.admin.qa.testcases.CategoryListTest"/>
  <testcase name="verifyAddCatgoryBtn" time="2.043" classname="com.admin.qa.testcases.CategoryListTest"/>
  <testcase name="verifyAddCategory" time="1.283" classname="com.admin.qa.testcases.CategoryListTest"/>
</testsuite> <!-- com.admin.qa.testcases.CategoryListTest -->
