<?xml version="1.0" encoding="UTF-8"?>
<!-- Generated by org.testng.reporters.JUnitReportReporter -->
<testsuite skipped="0" hostname="LAPTOP-18R30RO2" name="com.admin.qa.testcases.CategoryListTest" tests="4" failures="0" timestamp="2023-12-21T17:57:55 IST" time="1.599" errors="0">
  <testcase name="verifycategoryListDisplayed" time="0.056" classname="com.admin.qa.testcases.CategoryListTest"/>
  <testcase name="verifyCategoryListTable" time="0.072" classname="com.admin.qa.testcases.CategoryListTest"/>
  <testcase name="verifyAddCatgoryBtn" time="0.734" classname="com.admin.qa.testcases.CategoryListTest"/>
  <testcase name="verifyAddCategory" time="0.737" classname="com.admin.qa.testcases.CategoryListTest"/>
</testsuite> <!-- com.admin.qa.testcases.CategoryListTest -->
